### DSGEN: 2023-11-19 14:45:54,399 INFO  c.o.t.h.T24HeadlessGenStartupCore,58: 2 No of contributor plugin for Setup
### DSGEN: 2023-11-19 14:45:54,402 INFO  c.o.t.h.T24HeadlessGenStartupCore,61: Contributor plugin came for setup com.temenos.ds.iris.headlessgenstartup
### DSGEN: 2023-11-19 14:45:54,403 INFO  c.o.t.h.T24HeadlessGenStartupCore,65: Calling setup for com.temenos.ds.iris.headlessgenstartup plugin
### DSGEN: 2023-11-19 14:45:54,403 INFO  c.t.d.i.h.IRISHeadlessGenStartup,16: Setup method called for IRISHeadlessGenStartup
### DSGEN: 2023-11-19 14:45:54,425 INFO  c.t.d.i.h.IRISHeadlessGenStartup,18: Setup method RIMDslStandaloneSetup called
### DSGEN: 2023-11-19 14:45:54,426 INFO  c.o.t.h.T24HeadlessGenStartupCore,61: Contributor plugin came for setup com.temenos.t24.api.headlessgenstartup
### DSGEN: 2023-11-19 14:45:54,427 INFO  c.o.t.h.T24HeadlessGenStartupCore,65: Calling setup for com.temenos.t24.api.headlessgenstartup plugin
### DSGEN: 2023-11-19 14:45:54,427 INFO  c.t.t.a.h.APIHeadlessGenStartup,15: Setup method called for APIHeadlessGenStartup
### DSGEN: 2023-11-19 14:45:54,467 INFO  c.t.t.a.h.APIHeadlessGenStartup,17: Setup method ModelStandaloneSetup called
### DSGEN: 2023-11-19 14:45:54,505 INFO  c.t.t.a.h.APIHeadlessGenStartup,20: Setup method InventoryDSLStandaloneSetup called
### DSGEN: 2023-11-19 14:45:54,545 INFO  c.t.t.a.h.APIHeadlessGenStartup,23: Setup method ended for APIHeadlessGenStartup
### DSGEN: 2023-11-19 14:45:54,556 INFO  c.o.w.core.app.AbstractDSApplication,66: This is the DS Generator version 21.0 (revision: 0dddb9c4719260409bb0e03e07b4700ad70cf3da)
### DSGEN: 2023-11-19 14:45:54,557 INFO  c.o.w.core.app.AbstractDSApplication,24: Heap stats; used: 96 MB, free: 759 MB, total: 856 MB, max: 3641 MB
### DSGEN: 2023-11-19 14:45:54,560 INFO  c.o.w.core.helper.FeatureSwitches,522: DS Feature Switch: ds.resource.cache.maxsize=-1
### DSGEN: 2023-11-19 14:45:54,560 INFO  c.o.w.core.helper.FeatureSwitches,537: DS Feature Switch: ds.dataset.cache.enabled=true
### DSGEN: 2023-11-19 14:45:54,560 INFO  c.o.w.core.helper.FeatureSwitches,537: DS Feature Switch: ds.t24.gen.xml.failonerror=true
### DSGEN: 2023-11-19 14:45:54,561 INFO  c.o.w.core.helper.FeatureSwitches,537: DS Feature Switch: ds.t24.jbc.dssubroutine.enabled=true
### DSGEN: 2023-11-19 14:45:54,561 INFO  c.o.w.core.helper.FeatureSwitches,537: DS Feature Switch: ds.t24.bt.iris.disabled=false
### DSGEN: 2023-11-19 14:45:54,561 INFO  c.o.w.core.helper.FeatureSwitches,553: DS Feature Switch: ds.gen.filteredModels.file=
### DSGEN: 2023-11-19 14:45:54,561 INFO  c.o.w.core.helper.FeatureSwitches,553: DS Feature Switch: ds.core.import.model.releaseIds=
### DSGEN: 2023-11-19 14:45:54,561 INFO  c.o.w.core.helper.FeatureSwitches,553: DS Feature Switch: ds.delta.package.filter.file=
### DSGEN: 2023-11-19 14:45:54,561 INFO  c.o.w.core.helper.FeatureSwitches,553: DS Feature Switch: ds.t24.server.properties.file=
### DSGEN: 2023-11-19 14:45:54,561 INFO  c.o.w.core.helper.FeatureSwitches,553: DS Feature Switch: ds.t24.applications.import.folder=
### DSGEN: 2023-11-19 14:45:54,562 INFO  c.o.w.core.helper.FeatureSwitches,553: DS Feature Switch: ds.t24.applications.import.filterfile=
### DSGEN: 2023-11-19 14:45:54,562 INFO  c.o.w.core.helper.FeatureSwitches,537: DS Feature Switch: ds.t24.applications.invalid.check=false
### DSGEN: 2023-11-19 14:45:54,562 INFO  c.o.w.core.helper.FeatureSwitches,537: DS Feature Switch: ds.t24.models.import.no.subfolder=false
### DSGEN: 2023-11-19 14:45:54,562 INFO  c.o.w.core.helper.FeatureSwitches,553: DS Feature Switch: ds.t24.models.import.folder.structure=
### DSGEN: 2023-11-19 14:45:54,562 INFO  c.o.w.core.helper.FeatureSwitches,553: DS Feature Switch: ds.t24.models.import.default.product=NOPROD
### DSGEN: 2023-11-19 14:45:54,562 INFO  c.o.w.core.helper.FeatureSwitches,553: DS Feature Switch: ds.t24.models.import.default.component=NO_Component
### DSGEN: 2023-11-19 14:45:54,563 INFO  c.o.w.core.helper.FeatureSwitches,553: DS Feature Switch: ds.import.filteredModels.file=
### DSGEN: 2023-11-19 14:45:54,563 INFO  c.o.w.core.helper.FeatureSwitches,537: DS Feature Switch: ds.t24.application.import.local=false
### DSGEN: 2023-11-19 14:45:54,563 INFO  c.o.w.core.helper.FeatureSwitches,553: DS Feature Switch: ds.t24.application.import.datafolder=
### DSGEN: 2023-11-19 14:45:54,563 INFO  c.o.w.core.helper.FeatureSwitches,553: DS Feature Switch: ds.t24.models.toImport=
### DSGEN: 2023-11-19 14:45:54,563 INFO  c.o.w.core.helper.FeatureSwitches,537: DS Feature Switch: ds.domain.jvmtypes=true
### DSGEN: 2023-11-19 14:45:54,563 INFO  c.o.w.core.helper.FeatureSwitches,522: DS Feature Switch: ds.domain.ecore=2
### DSGEN: 2023-11-19 14:45:54,564 INFO  c.o.w.core.helper.FeatureSwitches,537: DS Feature Switch: ds.gen.refreshOutputFolders=true
### DSGEN: 2023-11-19 14:45:54,564 INFO  c.o.w.core.helper.FeatureSwitches,537: DS Feature Switch: ds.gen.headless.stop=true
### DSGEN: 2023-11-19 14:45:54,564 INFO  c.o.w.core.helper.FeatureSwitches,537: DS Feature Switch: ds.gen.memory.autoclean=true
### DSGEN: 2023-11-19 14:45:54,564 INFO  c.o.w.core.helper.FeatureSwitches,522: DS Feature Switch: ds.gen.memory.autoclean.strategy=2
### DSGEN: 2023-11-19 14:45:54,564 INFO  c.o.w.core.helper.FeatureSwitches,537: DS Feature Switch: ds.gen.fake=false
### DSGEN: 2023-11-19 14:45:54,564 INFO  c.o.w.core.helper.FeatureSwitches,537: DS Feature Switch: ds.ignoreValidationErrors=false
### DSGEN: 2023-11-19 14:45:54,564 INFO  c.o.w.core.helper.FeatureSwitches,537: DS Feature Switch: ds.skipDomainGenerationForIRIS=false
### DSGEN: 2023-11-19 14:45:54,565 INFO  c.o.w.core.helper.FeatureSwitches,537: DS Feature Switch: ds.skipRimGenerationForIRIS=false
### DSGEN: 2023-11-19 14:45:54,565 INFO  c.o.w.core.helper.FeatureSwitches,537: DS Feature Switch: ds.xtext.builder.free=true
### DSGEN: 2023-11-19 14:45:54,565 INFO  c.o.w.core.helper.FeatureSwitches,537: DS Feature Switch: ds.xtext.builder.parallel=true
### DSGEN: 2023-11-19 14:45:54,565 INFO  c.o.w.core.helper.FeatureSwitches,537: DS Feature Switch: ds.checkInfiniteCallInLogger=false
### DSGEN: 2023-11-19 14:45:54,565 INFO  c.o.w.core.helper.FeatureSwitches,537: DS Feature Switch: ds.checkInfiniteCallInLoggerSneakyThrow=false
### DSGEN: 2023-11-19 14:45:54,565 INFO  c.o.w.core.helper.FeatureSwitches,553: DS Feature Switch: ds.t24.gen.iris.outdir=null
### DSGEN: 2023-11-19 14:45:54,565 INFO  c.o.w.core.helper.FeatureSwitches,553: DS Feature Switch: ds.t24.gen.edge.datadir=null
### DSGEN: 2023-11-19 14:45:54,566 INFO  c.o.w.core.helper.FeatureSwitches,537: DS Feature Switch: ds.gen.auto=false
### DSGEN: 2023-11-19 14:45:54,566 INFO  c.o.w.core.helper.FeatureSwitches,537: DS Feature Switch: ds.t24.checkNameConflicts=true
### DSGEN: 2023-11-19 14:45:54,566 INFO  c.o.w.core.helper.FeatureSwitches,537: DS Feature Switch: ds.t24.iris.metadata.selection.fields.only=false
### DSGEN: 2023-11-19 14:45:54,566 INFO  c.o.w.core.helper.FeatureSwitches,537: DS Feature Switch: ds.t24.gen.defaultversions=false
### DSGEN: 2023-11-19 14:45:54,566 INFO  c.o.w.core.helper.FeatureSwitches,553: DS Feature Switch: ds.t24.gen.data.format=data.eson
### DSGEN: 2023-11-19 14:45:54,566 INFO  c.o.w.core.helper.FeatureSwitches,553: DS Feature Switch: ds.t24.deploy.eson.connection=DesignStudioInstaller
### DSGEN: 2023-11-19 14:45:54,566 INFO  c.o.w.core.helper.FeatureSwitches,537: DS Feature Switch: ds.t24.deploy.eson.addNoInputFields=false
### DSGEN: 2023-11-19 14:45:54,567 INFO  c.o.w.core.helper.FeatureSwitches,537: DS Feature Switch: ds.t24.gen.data.format.singleByte=false
### DSGEN: 2023-11-19 14:45:54,567 INFO  c.o.w.core.helper.FeatureSwitches,553: DS Feature Switch: ds.t24.gen.active.profiles=default
### DSGEN: 2023-11-19 14:45:54,567 INFO  c.o.w.core.helper.FeatureSwitches,537: DS Feature Switch: ds.t24.gen.activate.profiles=false
### DSGEN: 2023-11-19 14:45:54,567 INFO  c.o.w.core.helper.FeatureSwitches,553: DS Feature Switch: ds.iris.useFieldLabelAsName=false
### DSGEN: 2023-11-19 14:45:54,567 INFO  c.o.w.core.helper.FeatureSwitches,537: DS Feature Switch: ds.t24.duplicate.model.asWarning=false
### DSGEN: 2023-11-19 14:45:54,567 INFO  c.o.w.core.helper.FeatureSwitches,553: DS Feature Switch: ds.t24.import.coreModels.lineReturnChars=?
### DSGEN: 2023-11-19 14:45:54,568 INFO  c.o.w.core.helper.FeatureSwitches,553: DS Feature Switch: ds.validation.disabled.in.folders=
### DSGEN: 2023-11-19 14:45:54,568 INFO  c.o.w.core.helper.FeatureSwitches,553: DS Feature Switch: ds.headless.junit.folder=
### DSGEN: 2023-11-19 14:45:54,568 INFO  c.o.w.core.helper.FeatureSwitches,537: DS Feature Switch: ds.show.internal.templates=false
### DSGEN: 2023-11-19 14:45:54,568 INFO  c.o.w.core.helper.FeatureSwitches,537: DS Feature Switch: ds.t24.api.generation.test.structure=false
### DSGEN: 2023-11-19 14:45:54,568 INFO  c.o.w.core.helper.FeatureSwitches,553: DS Feature Switch: ds.t24.bulkImport.models.csvFilePath=
### DSGEN: 2023-11-19 14:45:54,568 INFO  c.o.w.core.helper.FeatureSwitches,537: DS Feature Switch: ds.t24.bulkImport.modelsAsDataEsons=false
### DSGEN: 2023-11-19 14:45:54,568 INFO  c.o.w.core.helper.FeatureSwitches,537: DS Feature Switch: ds.t24.data.eson.multicompany=false
### DSGEN: 2023-11-19 14:45:54,569 INFO  c.o.w.core.helper.FeatureSwitches,553: DS Feature Switch: ds.t24.bulkImport.dataEsonsProjectPath=
### DSGEN: 2023-11-19 14:45:54,569 INFO  c.o.w.core.helper.FeatureSwitches,537: DS Feature Switch: ds.t24.data.eson.validations=true
### DSGEN: 2023-11-19 14:45:54,569 INFO  c.o.w.core.helper.FeatureSwitches,537: DS Feature Switch: ds.t24.run.resource.validations=false
### DSGEN: 2023-11-19 14:45:54,569 INFO  c.o.w.core.helper.FeatureSwitches,573: DS Feature Switch: ds.t24.models.toImport.model=Normal
### DSGEN: 2023-11-19 14:45:54,569 INFO  c.o.w.core.helper.FeatureSwitches,553: DS Feature Switch: ds.t24.models.toImport.l3.prefixes=
### DSGEN: 2023-11-19 14:45:54,569 INFO  c.o.w.core.helper.FeatureSwitches,537: DS Feature Switch: ds.t24.models.toImport.analysis.skip=false
### DSGEN: 2023-11-19 14:45:54,570 INFO  c.o.w.core.helper.FeatureSwitches,537: DS Feature Switch: ds.t24.models.toImport.use.model.importers=false
### DSGEN: 2023-11-19 14:45:54,570 INFO  c.o.w.core.helper.FeatureSwitches,537: DS Feature Switch: ds.t24.models.clear.previous.l3.analysis=false
### DSGEN: 2023-11-19 14:45:54,570 INFO  c.o.w.core.helper.FeatureSwitches,553: DS Feature Switch: ds.core.import.model.releaseIds=
### DSGEN: 2023-11-19 14:45:54,570 INFO  c.o.w.core.helper.FeatureSwitches,537: DS Feature Switch: ds.t24.l3.reconciliation.asWarning=true
### DSGEN: 2023-11-19 14:45:54,570 INFO  c.o.w.core.app.AbstractDSApplication,134: java.vendor = Oracle Corporation
### DSGEN: 2023-11-19 14:45:54,570 INFO  c.o.w.core.app.AbstractDSApplication,134: osgi.bundles.defaultStartLevel = 4
### DSGEN: 2023-11-19 14:45:54,571 INFO  c.o.w.core.app.AbstractDSApplication,134: os.name = Windows 10
### DSGEN: 2023-11-19 14:45:54,571 INFO  c.o.w.core.app.AbstractDSApplication,134: osgi.ws = win32
### DSGEN: 2023-11-19 14:45:54,571 INFO  c.o.w.core.app.AbstractDSApplication,134: java.vm.specification.vendor = Oracle Corporation
### DSGEN: 2023-11-19 14:45:54,571 INFO  c.o.w.core.app.AbstractDSApplication,134: java.runtime.version = 1.8.0_221-b11
### DSGEN: 2023-11-19 14:45:54,571 INFO  c.o.w.core.app.AbstractDSApplication,134: osgi.instance.area = file:/C:/DS21/MIDworkspaceMast/MDIAAFixV1.72-models-gen/target/workspace/
### DSGEN: 2023-11-19 14:45:54,571 INFO  c.o.w.core.app.AbstractDSApplication,134: osgi.framework.extensions = 
### DSGEN: 2023-11-19 14:45:54,571 INFO  c.o.w.core.app.AbstractDSApplication,134: osgi.syspath = c:\DS21\t24-binaries\com\temenos\ds\DesignStudioT24-Generator\21.0\ds\plugins
### DSGEN: 2023-11-19 14:45:54,571 INFO  c.o.w.core.app.AbstractDSApplication,134: osgi.compatibility.bootdelegation.default = true
### DSGEN: 2023-11-19 14:45:54,572 INFO  c.o.w.core.app.AbstractDSApplication,134: osgi.compatibility.bootdelegation = true
### DSGEN: 2023-11-19 14:45:54,572 INFO  c.o.w.core.app.AbstractDSApplication,134: java.version = 1.8.0_221
### DSGEN: 2023-11-19 14:45:54,572 INFO  c.o.w.core.app.AbstractDSApplication,134: osgi.bundles = reference:file:org.eclipse.equinox.simpleconfigurator_1.1.200.v20160504-1450.jar@1:start
### DSGEN: 2023-11-19 14:45:54,572 INFO  c.o.w.core.app.AbstractDSApplication,134: java.endorsed.dirs = C:\DS21\jdk\jre\lib\endorsed
### DSGEN: 2023-11-19 14:45:54,572 INFO  c.o.w.core.app.AbstractDSApplication,134: osgi.tracefile = C:\DS21\MIDworkspaceMast\MDIAAFixV1.72-models-gen\target\workspace\.metadata\trace.log
### DSGEN: 2023-11-19 14:45:54,572 INFO  c.o.w.core.app.AbstractDSApplication,134: java.specification.name = Java Platform API Specification
### DSGEN: 2023-11-19 14:45:54,572 INFO  c.o.w.core.app.AbstractDSApplication,134: java.class.version = 52.0
### DSGEN: 2023-11-19 14:45:54,572 INFO  c.o.w.core.app.AbstractDSApplication,134: java.home = C:\DS21\jdk\jre
### DSGEN: 2023-11-19 14:45:54,572 INFO  c.o.w.core.app.AbstractDSApplication,134: osgi.os = win32
### DSGEN: 2023-11-19 14:45:54,572 INFO  c.o.w.core.app.AbstractDSApplication,134: java.vm.info = mixed mode
### DSGEN: 2023-11-19 14:45:54,573 INFO  c.o.w.core.app.AbstractDSApplication,134: os.version = 10.0
### DSGEN: 2023-11-19 14:45:54,573 INFO  c.o.w.core.app.AbstractDSApplication,134: osgi.arch = x86_64
### DSGEN: 2023-11-19 14:45:54,573 INFO  c.o.w.core.app.AbstractDSApplication,134: java.vm.version = 25.221-b11
### DSGEN: 2023-11-19 14:45:54,573 INFO  c.o.w.core.app.AbstractDSApplication,134: osgi.framework.shape = jar
### DSGEN: 2023-11-19 14:45:54,573 INFO  c.o.w.core.app.AbstractDSApplication,134: java.awt.printerjob = sun.awt.windows.WPrinterJob
### DSGEN: 2023-11-19 14:45:54,573 INFO  c.o.w.core.app.AbstractDSApplication,134: osgi.install.area = file:/C:/DS21/t24-binaries/com/temenos/ds/DesignStudioT24-Generator/21.0/ds/
### DSGEN: 2023-11-19 14:45:54,573 INFO  c.o.w.core.app.AbstractDSApplication,134: osgi.framework = file:/c:/DS21/t24-binaries/com/temenos/ds/DesignStudioT24-Generator/21.0/ds/plugins/org.eclipse.osgi_3.12.0.v20170118-2208.jar
### DSGEN: 2023-11-19 14:45:54,573 INFO  c.o.w.core.app.AbstractDSApplication,134: osgi.framework.useSystemProperties = true
### DSGEN: 2023-11-19 14:45:54,573 INFO  c.o.w.core.app.AbstractDSApplication,134: java.specification.vendor = Oracle Corporation
### DSGEN: 2023-11-19 14:45:54,574 INFO  c.o.w.core.app.AbstractDSApplication,134: osgi.nl = en_US
### DSGEN: 2023-11-19 14:45:54,574 INFO  c.o.w.core.app.AbstractDSApplication,134: java.vendor.url = http://java.oracle.com/
### DSGEN: 2023-11-19 14:45:54,574 INFO  c.o.w.core.app.AbstractDSApplication,134: java.library.path = C:\DS21\jdk\jre\bin;C:\WINDOWS\Sun\Java\bin;C:\WINDOWS\system32;C:\WINDOWS;C:\Program Files\Common Files\Oracle\Java\javapath;C:\Program Files (x86)\Common Files\Oracle\Java\javapath;C:\Windows\system32;C:\Windows;C:\Windows\System32\Wbem;C:\Windows\System32\WindowsPowerShell\v1.0\;C:\Windows\System32\OpenSSH\;C:\Program Files (x86)\NVIDIA Corporation\PhysX\Common;C:\Program Files\Microsoft SQL Server\Client SDK\ODBC\170\Tools\Binn\;C:\Program Files (x86)\Microsoft SQL Server\150\Tools\Binn\;C:\Program Files\Microsoft SQL Server\150\Tools\Binn\;C:\Program Files\Microsoft SQL Server\150\DTS\Binn\;C:\Program Files (x86)\Microsoft SQL Server\150\DTS\Binn\;C:\Program Files\Azure Data Studio\bin;C:\Program Files\Git\cmd;C:\Program Files\TortoiseGit\bin;C:\Temenos\jdk;C:\Temenos\3rdParty\AS\jboss-eap-7.3\bin;C:\WINDOWS\system32;C:\WINDOWS;C:\WINDOWS\System32\Wbem;C:\WINDOWS\System32\WindowsPowerShell\v1.0\;C:\WINDOWS\System32\OpenSSH\;C:\Program Files\Java\jdk-17;C:\Users\lap\AppData\Local\Microsoft\WindowsApps;C:\Program Files\Azure Data Studio\bin;;.
### DSGEN: 2023-11-19 14:45:54,574 INFO  c.o.w.core.app.AbstractDSApplication,134: java.vm.vendor = Oracle Corporation
### DSGEN: 2023-11-19 14:45:54,574 INFO  c.o.w.core.app.AbstractDSApplication,134: java.runtime.name = Java(TM) SE Runtime Environment
### DSGEN: 2023-11-19 14:45:54,574 INFO  c.o.w.core.app.AbstractDSApplication,134: java.class.path = C:\DS21\t24-binaries\com\temenos\ds\DesignStudioT24-Generator\21.0\ds\plugins\org.eclipse.equinox.launcher_1.3.201.v20161025-1711.jar
### DSGEN: 2023-11-19 14:45:54,574 INFO  c.o.w.core.app.AbstractDSApplication,134: java.vm.specification.name = Java Virtual Machine Specification
### DSGEN: 2023-11-19 14:45:54,575 INFO  c.o.w.core.app.AbstractDSApplication,134: java.vm.specification.version = 1.8
### DSGEN: 2023-11-19 14:45:54,575 INFO  c.o.w.core.app.AbstractDSApplication,134: java.io.tmpdir = C:\Users\lap\AppData\Local\Temp\
### DSGEN: 2023-11-19 14:45:54,575 INFO  c.o.w.core.app.AbstractDSApplication,134: java.vendor.url.bug = http://bugreport.sun.com/bugreport/
### DSGEN: 2023-11-19 14:45:54,575 INFO  c.o.w.core.app.AbstractDSApplication,134: java.awt.graphicsenv = sun.awt.Win32GraphicsEnvironment
### DSGEN: 2023-11-19 14:45:54,575 INFO  c.o.w.core.app.AbstractDSApplication,134: os.arch = amd64
### DSGEN: 2023-11-19 14:45:54,575 INFO  c.o.w.core.app.AbstractDSApplication,134: java.ext.dirs = C:\DS21\jdk\jre\lib\ext;C:\WINDOWS\Sun\Java\lib\ext
### DSGEN: 2023-11-19 14:45:54,575 INFO  c.o.w.core.app.AbstractDSApplication,134: osgi.clean = true
### DSGEN: 2023-11-19 14:45:54,575 INFO  c.o.w.core.app.AbstractDSApplication,134: java.vm.name = Java HotSpot(TM) 64-Bit Server VM
### DSGEN: 2023-11-19 14:45:54,576 INFO  c.o.w.core.app.AbstractDSApplication,134: java.specification.version = 1.8
### DSGEN: 2023-11-19 14:45:54,576 INFO  c.o.w.core.app.AbstractDSApplication,134: osgi.configuration.area = file:/C:/DS21/t24-binaries/com/temenos/ds/DesignStudioT24-Generator/21.0/ds/configuration/
### DSGEN: 2023-11-19 14:45:54,576 INFO  c.o.w.core.app.AbstractDSApplication,134: osgi.logfile = C:\DS21\MIDworkspaceMast\MDIAAFixV1.72-models-gen\target\workspace\.metadata\.log
### DSGEN: 2023-11-19 14:45:54,576 INFO  c.o.w.core.app.AbstractDSApplication,141: JVM Default locale: en_US, platform encoding: Cp1252
### DSGEN: 2023-11-19 14:45:54,576 INFO  c.o.w.generation.headless.RunGeneration,74: Preparing workspace meta-data...
### DSGEN: 2023-11-19 14:45:55,480 INFO  c.o.w.core.app.AbstractDSApplication,24: Heap stats; used: 126 MB, free: 729 MB, total: 856 MB, max: 3641 MB
### DSGEN: 2023-11-19 14:45:55,480 INFO  c.o.w.core.app.AbstractDSApplication,254: Updating project configurations...
### DSGEN: 2023-11-19 14:45:55,878 INFO  com.odcgroup.workbench.core,69: Target Platform selected: 21.0.0.20210426164529 (default version). Available versions found: [].
### DSGEN: 2023-11-19 14:45:55,959 INFO  c.o.w.generation.headless.RunGeneration,24: Heap stats; used: 139 MB, free: 716 MB, total: 856 MB, max: 3641 MB
### DSGEN: 2023-11-19 14:45:55,959 INFO  c.o.w.generation.headless.RunGeneration,80: Validating model dependencies...
### DSGEN: 2023-11-19 14:45:55,973 INFO  DSGeneratorTiming,89: Migration and loading of models Projects

### DSGEN: 2023-11-19 14:45:55,973 INFO  DSGeneratorTiming,90: Started at 2023.11.19 14:45:55
### DSGEN: 2023-11-19 14:45:55,973 INFO  c.o.w.generation.headless.RunGeneration,91: Migrating models...
### DSGEN: 2023-11-19 14:45:55,992 INFO  c.o.w.generation.headless.RunGeneration,95: Temporarily migrating translations into models...
### DSGEN: 2023-11-19 14:45:55,992 INFO  c.o.w.generation.headless.RunGeneration,98: Building model projects...
### DSGEN: 2023-11-19 14:45:56,135 INFO  DSGeneratorTiming,104: Completed at: 2023.11.19 14:45:56
### DSGEN: 2023-11-19 14:45:56,136 INFO  DSGeneratorTiming,106: Took: 0.161s
### DSGEN: 2023-11-19 14:45:56,138 INFO  DSGeneratorTiming,107: Total number of models: 0
### DSGEN: 2023-11-19 14:45:56,138 INFO  DSGeneratorTiming,108: ----------------------------------------------------------------------------

### DSGEN: 2023-11-19 14:45:56,139 INFO  c.o.w.generation.headless.RunGeneration,24: Heap stats; used: 152 MB, free: 703 MB, total: 856 MB, max: 3641 MB
### DSGEN: 2023-11-19 14:45:56,139 INFO  c.o.w.generation.headless.RunGeneration,114: Validating models of packaged dependencies...
### DSGEN: 2023-11-19 14:45:56,139 INFO  c.o.w.generation.headless.RunGeneration,24: Heap stats; used: 152 MB, free: 703 MB, total: 856 MB, max: 3641 MB
### DSGEN: 2023-11-19 14:45:56,139 INFO  c.o.w.generation.headless.RunGeneration,121: Starting code generation...
### DSGEN: 2023-11-19 14:45:56,139 INFO  c.o.w.generation.headless.RunGeneration,332: Generating code for project 'MDIAAFixV1.72-models' ...
### DSGEN: 2023-11-19 14:45:56,146 INFO  c.o.w.generation.GenerationCommon,164: About to run 3 new-style and 0 classic style code generators
### DSGEN: 2023-11-19 14:45:56,148 INFO  DSGeneratorTiming,225: Pre Loading and validation of Resources in Standalone Headless 

### DSGEN: 2023-11-19 14:45:56,149 INFO  DSGeneratorTiming,226: Started at: 2023.11.19 14:45:56
### DSGEN: 2023-11-19 14:45:56,149 INFO  c.o.w.generation.GenerationCommon,560: About to pre-load 0 models...
### DSGEN: 2023-11-19 14:45:56,150 INFO  c.o.w.generation.GenerationCommon,578: About to index models...
### DSGEN: 2023-11-19 14:45:56,169 INFO  c.o.w.generation.GenerationCommon,580: Done indexing 0 models in 0.019s
### DSGEN: 2023-11-19 14:45:56,170 INFO  c.o.w.generation.GenerationCommon,582: Done pre-loading 0 models (req. for CodeGenerator2 cross refs) in 0.020s
### DSGEN: 2023-11-19 14:45:56,170 INFO  c.o.w.generation.GenerationCommon,24: Heap stats; used: 157 MB, free: 698 MB, total: 856 MB, max: 3641 MB
### DSGEN: 2023-11-19 14:45:56,172 INFO  c.o.w.generation.GenerationCommon,466: About to validate 0 models...
### DSGEN: 2023-11-19 14:45:56,173 INFO  c.o.w.generation.GenerationCommon,505: Done validating 0 models in 0.003s
### DSGEN: 2023-11-19 14:45:56,173 INFO  c.o.w.generation.GenerationCommon,24: Heap stats; used: 157 MB, free: 698 MB, total: 856 MB, max: 3641 MB
### DSGEN: 2023-11-19 14:45:56,173 WARN  DSGeneratorSummary,508: Validation started   at : 2023.11.19 14:45:56
### DSGEN: 2023-11-19 14:45:56,174 WARN  DSGeneratorSummary,518: ----------------
### DSGEN: 2023-11-19 14:45:56,174 WARN  DSGeneratorSummary,519: No Errors Found.
### DSGEN: 2023-11-19 14:45:56,174 WARN  DSGeneratorSummary,520: ----------------
### DSGEN: 2023-11-19 14:45:56,175 WARN  DSGeneratorSummary,522: Validation completed at : 2023.11.19 14:45:56 (took : 0.003s)
### DSGEN: 2023-11-19 14:45:56,175 INFO  DSGeneratorTiming,235: Completed at: 2023.11.19 14:45:56
### DSGEN: 2023-11-19 14:45:56,175 INFO  DSGeneratorTiming,237: Took: 0.026s
### DSGEN: 2023-11-19 14:45:56,175 INFO  DSGeneratorTiming,238: Total number of resources: 0
### DSGEN: 2023-11-19 14:45:56,175 INFO  DSGeneratorTiming,240: ----------------------------------------------------------------------------

### DSGEN: 2023-11-19 14:45:56,188 INFO  DSGeneratorTiming,291: T24 Models (XML): XML for Enquiries Generator 

### DSGEN: 2023-11-19 14:45:56,188 INFO  DSGeneratorTiming,292: Started at: 2023.11.19 14:45:56
### DSGEN: 2023-11-19 14:45:56,189 INFO  c.o.w.generation.GenerationCommon,607: Generating code, cartridge T24 Models (XML): XML for Enquiries into F/MDIAAFixV1.72-models-gen/src/xml-t24i ...
### DSGEN: 2023-11-19 14:45:56,189 INFO  c.o.w.generation.GenerationCommon,619: Completed successfully generating code for cartridge T24 Models (XML): XML for Enquiries, it took 0.000s
### DSGEN: 2023-11-19 14:45:56,189 INFO  c.o.w.generation.GenerationCommon,24: Heap stats; used: 161 MB, free: 694 MB, total: 856 MB, max: 3641 MB
### DSGEN: 2023-11-19 14:45:56,190 INFO  DSGeneratorTiming,316: Completed at: 2023.11.19 14:45:56
### DSGEN: 2023-11-19 14:45:56,190 INFO  DSGeneratorTiming,318: Took: 0.002s
### DSGEN: 2023-11-19 14:45:56,190 INFO  DSGeneratorTiming,319: Number of models used by this generator: 0
### DSGEN: 2023-11-19 14:45:56,191 INFO  DSGeneratorTiming,320: ----------------------------------------------------------------------------

### DSGEN: 2023-11-19 14:45:56,196 INFO  DSGeneratorTiming,291: T24 Models (XML): XML for Local Fields (LT/LRT) Generator 

### DSGEN: 2023-11-19 14:45:56,197 INFO  DSGeneratorTiming,292: Started at: 2023.11.19 14:45:56
### DSGEN: 2023-11-19 14:45:56,197 INFO  c.o.w.generation.GenerationCommon,607: Generating code, cartridge T24 Models (XML): XML for Local Fields (LT/LRT) into F/MDIAAFixV1.72-models-gen/src/xml-t24i ...
### DSGEN: 2023-11-19 14:45:56,198 INFO  c.o.w.generation.GenerationCommon,619: Completed successfully generating code for cartridge T24 Models (XML): XML for Local Fields (LT/LRT), it took 0.000s
### DSGEN: 2023-11-19 14:45:56,198 INFO  c.o.w.generation.GenerationCommon,24: Heap stats; used: 163 MB, free: 692 MB, total: 856 MB, max: 3641 MB
### DSGEN: 2023-11-19 14:45:56,198 INFO  DSGeneratorTiming,316: Completed at: 2023.11.19 14:45:56
### DSGEN: 2023-11-19 14:45:56,198 INFO  DSGeneratorTiming,318: Took: 0.002s
### DSGEN: 2023-11-19 14:45:56,199 INFO  DSGeneratorTiming,319: Number of models used by this generator: 0
### DSGEN: 2023-11-19 14:45:56,199 INFO  DSGeneratorTiming,320: ----------------------------------------------------------------------------

### DSGEN: 2023-11-19 14:45:56,200 INFO  DSGeneratorTiming,291: T24 Models (XML): XML for Versions Generator 

### DSGEN: 2023-11-19 14:45:56,201 INFO  DSGeneratorTiming,292: Started at: 2023.11.19 14:45:56
### DSGEN: 2023-11-19 14:45:56,201 INFO  c.o.w.generation.GenerationCommon,607: Generating code, cartridge T24 Models (XML): XML for Versions into F/MDIAAFixV1.72-models-gen/src/xml-t24i ...
### DSGEN: 2023-11-19 14:45:56,201 INFO  c.o.w.generation.GenerationCommon,619: Completed successfully generating code for cartridge T24 Models (XML): XML for Versions, it took 0.000s
### DSGEN: 2023-11-19 14:45:56,202 INFO  c.o.w.generation.GenerationCommon,24: Heap stats; used: 164 MB, free: 691 MB, total: 856 MB, max: 3641 MB
### DSGEN: 2023-11-19 14:45:56,202 INFO  DSGeneratorTiming,316: Completed at: 2023.11.19 14:45:56
### DSGEN: 2023-11-19 14:45:56,202 INFO  DSGeneratorTiming,318: Took: 0.002s
### DSGEN: 2023-11-19 14:45:56,202 INFO  DSGeneratorTiming,319: Number of models used by this generator: 0
### DSGEN: 2023-11-19 14:45:56,203 INFO  DSGeneratorTiming,320: ----------------------------------------------------------------------------

### DSGEN: 2023-11-19 14:45:56,203 INFO  c.o.w.generation.GenerationCommon,347: Completed running all new style code generators, and (should) have freed up up memory used by them
### DSGEN: 2023-11-19 14:45:56,203 INFO  c.o.w.generation.GenerationCommon,24: Heap stats; used: 164 MB, free: 691 MB, total: 856 MB, max: 3641 MB
### DSGEN: 2023-11-19 14:45:56,203 INFO  c.o.w.generation.GenerationCommon,200: Completed all code generation cartridges, in total it took 0.057s
### DSGEN: 2023-11-19 14:45:56,204 WARN  DSGeneratorSummary,360: Generation started   at : 2023.11.19 14:45:56
### DSGEN: 2023-11-19 14:45:56,204 WARN  DSGeneratorSummary,375: Generation completed at : 2023.11.19 14:45:56 (took : 0.057s)
### DSGEN: 2023-11-19 14:45:56,204 WARN  DSGeneratorSummary,377: Total of 0 errors.

### DSGEN: 2023-11-19 14:45:56,205 WARN  DSGeneratorSummary,379: --------------------------------------------------------------------------------------------------------------------------------
### DSGEN: 2023-11-19 14:45:56,205 WARN  DSGeneratorSummary,380: -----------------------------------------            Validation Errors            ----------------------------------------------
### DSGEN: 2023-11-19 14:45:56,205 WARN  DSGeneratorSummary,381: --------------------------------------------------------------------------------------------------------------------------------
### DSGEN: 2023-11-19 14:45:56,206 WARN  DSGeneratorSummary,382: Total of 0 out of 0 models contains errors, please make sure the models are valid.
### DSGEN: 2023-11-19 14:45:56,206 WARN  DSGeneratorSummary,383: --------------------------------------------------------------------------------------------------------------------------------
### DSGEN: 2023-11-19 14:45:56,206 WARN  DSGeneratorSummary,385: --------------------------------------------------------------------------------------------------------------------------------
### DSGEN: 2023-11-19 14:45:56,206 WARN  DSGeneratorSummary,386: -----------------------------------------            Generation Errors            ----------------------------------------------
### DSGEN: 2023-11-19 14:45:56,206 WARN  DSGeneratorSummary,387: --------------------------------------------------------------------------------------------------------------------------------
### DSGEN: 2023-11-19 14:45:56,206 WARN  DSGeneratorSummary,388: Total of 0 errors, please make sure the models are valid.
### DSGEN: 2023-11-19 14:45:56,207 WARN  DSGeneratorSummary,389: --------------------------------------------------------------------------------------------------------------------------------
### DSGEN: 2023-11-19 14:45:56,207 INFO  c.o.w.generation.headless.RunGeneration,357: Code generation for project 'MDIAAFixV1.72-models' SUCCESSFULLY done.
### DSGEN: 2023-11-19 14:45:56,207 INFO  c.o.w.generation.headless.RunGeneration,129: DS Generator finished successfully and terminates now (total took 1.652s).
