Migration and loading of models Projects

Started at 2023.11.19 14:45:55
Completed at: 2023.11.19 14:45:56
Took: 0.161s
Total number of models: 0
----------------------------------------------------------------------------

Pre Loading and validation of Resources in Standalone Headless 

Started at: 2023.11.19 14:45:56
Completed at: 2023.11.19 14:45:56
Took: 0.026s
Total number of resources: 0
----------------------------------------------------------------------------

T24 Models (XML): XML for Enquiries Generator 

Started at: 2023.11.19 14:45:56
Completed at: 2023.11.19 14:45:56
Took: 0.002s
Number of models used by this generator: 0
----------------------------------------------------------------------------

T24 Models (XML): XML for Local Fields (LT/LRT) Generator 

Started at: 2023.11.19 14:45:56
Completed at: 2023.11.19 14:45:56
Took: 0.002s
Number of models used by this generator: 0
----------------------------------------------------------------------------

T24 Models (XML): XML for Versions Generator 

Started at: 2023.11.19 14:45:56
Completed at: 2023.11.19 14:45:56
Took: 0.002s
Number of models used by this generator: 0
----------------------------------------------------------------------------

