Migration and loading of models Projects

Started at 2023.12.24 18:27:40
Completed at: 2023.12.24 18:27:40
Took: 0.250s
Total number of models: 0
----------------------------------------------------------------------------

Pre Loading and validation of Resources in Standalone Headless 

Started at: 2023.12.24 18:27:40
Completed at: 2023.12.24 18:27:40
Took: 0.028s
Total number of resources: 0
----------------------------------------------------------------------------

T24 Models (XML): XML for Enquiries Generator 

Started at: 2023.12.24 18:27:40
Completed at: 2023.12.24 18:27:40
Took: 0.003s
Number of models used by this generator: 0
----------------------------------------------------------------------------

T24 Models (XML): XML for Local Fields (LT/LRT) Generator 

Started at: 2023.12.24 18:27:40
Completed at: 2023.12.24 18:27:40
Took: 0.002s
Number of models used by this generator: 0
----------------------------------------------------------------------------

T24 Models (XML): XML for Versions Generator 

Started at: 2023.12.24 18:27:40
Completed at: 2023.12.24 18:27:40
Took: 0.002s
Number of models used by this generator: 0
----------------------------------------------------------------------------

